Sistema Integrado Bot OAB + Supabase
Iniciado em: 09/07/2025 20:32:36
============================================================

[20:32:36] Conexão Supabase estabelecida
[20:32:37] Bot OAB inicializado
[20:32:37] Iniciando processamento completo
[20:32:38] Status tabela: {"total": 729, "pendentes": 367, "preenchidos": 343, "erros": 19, "taxa_preenchimento": 47.05075445816186}
[20:32:38] Iniciando processamento de lote (limite: 100)
[20:32:44] Processando registro 8e02708c-ed9c-44fe-a2c5-f923bdb4616b: SP273361
[20:33:00] SUCESSO: Registro 8e02708c-ed9c-44fe-a2c5-f923bdb4616b processado
[20:33:02] Processando registro 598b5bce-60f8-4f6f-a521-32090013ef71: SP273361
[20:33:17] SUCESSO: Registro 598b5bce-60f8-4f6f-a521-32090013ef71 processado
[20:33:19] Processando registro da75ff75-078c-40b9-a21c-78a79ba34b79: SP517010
[20:33:34] SUCESSO: Registro da75ff75-078c-40b9-a21c-78a79ba34b79 processado
[20:33:36] Processando registro 302904b3-7f4d-4edd-978d-3e36bae668b8: SP273361
[20:33:52] SUCESSO: Registro 302904b3-7f4d-4edd-978d-3e36bae668b8 processado
[20:33:54] Processando registro ff1bcfe7-c4a9-44db-9df7-1bba7a738017: SP517010
[20:34:09] SUCESSO: Registro ff1bcfe7-c4a9-44db-9df7-1bba7a738017 processado
[20:34:11] Processando registro bc6c981c-2907-4ac0-82e6-442cffa9ad2e: SP517010
[20:34:27] SUCESSO: Registro bc6c981c-2907-4ac0-82e6-442cffa9ad2e processado
[20:34:29] Processando registro 021c92d4-db4d-4c77-a08f-766f16ee1076: SP464090
[20:34:44] SUCESSO: Registro 021c92d4-db4d-4c77-a08f-766f16ee1076 processado
[20:34:46] Processando registro 3d832dd5-97b7-4956-ad41-d38df897f62a: SP450747
[20:35:02] SUCESSO: Registro 3d832dd5-97b7-4956-ad41-d38df897f62a processado
[20:35:04] Processando registro 3bd25697-adb3-469a-93a4-f78fedb024a5: SP341759
[20:35:19] SUCESSO: Registro 3bd25697-adb3-469a-93a4-f78fedb024a5 processado
[20:35:21] Processando registro ec234b32-887a-46e5-83c0-f8382da27ae9: SP452967
[20:35:37] SUCESSO: Registro ec234b32-887a-46e5-83c0-f8382da27ae9 processado
[20:35:39] Processando registro 714b0061-2f3c-4602-9fa4-4f48ca827e08: SP409440
[20:35:55] SUCESSO: Registro 714b0061-2f3c-4602-9fa4-4f48ca827e08 processado
[20:35:57] Processando registro 66656a44-3071-4ee6-9cc0-0d8fca0b8009: SP409440
[20:36:12] SUCESSO: Registro 66656a44-3071-4ee6-9cc0-0d8fca0b8009 processado
[20:36:14] Processando registro 008d76dd-a6ce-4500-bb69-09fcd8550b61: SP409440
[20:36:30] SUCESSO: Registro 008d76dd-a6ce-4500-bb69-09fcd8550b61 processado
[20:36:32] Processando registro 0345f334-b1ec-4d24-98e3-cbfad397fcfd: SP409440
[20:36:47] SUCESSO: Registro 0345f334-b1ec-4d24-98e3-cbfad397fcfd processado
[20:36:49] Processando registro ce540b85-7096-4d26-a79c-90f028d6aef4: SP409440
[20:37:05] SUCESSO: Registro ce540b85-7096-4d26-a79c-90f028d6aef4 processado
[20:37:07] Processando registro 96765984-81a3-459f-8b16-b62e3043fa75: SP409440
[20:37:22] SUCESSO: Registro 96765984-81a3-459f-8b16-b62e3043fa75 processado
[20:37:24] Processando registro 2a2dde9b-9c6b-4c06-90e1-90fe2aac69f5: SP450747
[20:37:40] SUCESSO: Registro 2a2dde9b-9c6b-4c06-90e1-90fe2aac69f5 processado
[20:37:42] Processando registro 154fe310-c225-4bb8-966e-800bbbc41236: SP450747
[20:37:57] SUCESSO: Registro 154fe310-c225-4bb8-966e-800bbbc41236 processado
[20:37:59] Processando registro 2bfa284b-b66b-449f-84bd-9b667f9ec47a: SP450747
[20:38:15] SUCESSO: Registro 2bfa284b-b66b-449f-84bd-9b667f9ec47a processado
[20:38:17] Processando registro 15ab146e-24e9-42ee-be31-fd6eb1474d6d: SP450747
[20:38:32] SUCESSO: Registro 15ab146e-24e9-42ee-be31-fd6eb1474d6d processado
[20:38:34] Processando registro 79460ae7-6b69-44d1-abca-98d9232ed635: SP450747
[20:38:50] SUCESSO: Registro 79460ae7-6b69-44d1-abca-98d9232ed635 processado
[20:38:52] Processando registro a3733b89-e455-42f6-bb1c-a2b9a26c9d4d: SP452967
[20:39:07] SUCESSO: Registro a3733b89-e455-42f6-bb1c-a2b9a26c9d4d processado
[20:39:09] Processando registro 2ad30c99-53d7-43b5-88ff-3dc36b549824: SP435083
[20:39:25] SUCESSO: Registro 2ad30c99-53d7-43b5-88ff-3dc36b549824 processado
[20:39:27] Processando registro 5dac106b-97d0-4425-9631-c0de4a4f1a6a: SP273361
[20:39:42] SUCESSO: Registro 5dac106b-97d0-4425-9631-c0de4a4f1a6a processado
[20:39:44] Processando registro 90b4e3ae-8232-479d-9ff5-dcb108e12c57: SP450747
[20:40:00] SUCESSO: Registro 90b4e3ae-8232-479d-9ff5-dcb108e12c57 processado
[20:40:00] Resultado intermediário salvo em: Pesquisa/intermediario_20250709_204000.json
[20:40:02] Processando registro bd9cd787-b63a-4cfe-b228-5e2335621fab: SP157463
[20:40:17] SUCESSO: Registro bd9cd787-b63a-4cfe-b228-5e2335621fab processado
[20:40:19] Processando registro 183062cf-adbf-4953-b738-52f0a202cb29: SP483437
[20:40:34] SUCESSO: Registro 183062cf-adbf-4953-b738-52f0a202cb29 processado
[20:40:36] Processando registro 7ce467d7-b611-4556-a953-8172a7eb4c02: SP483437
[20:40:51] SUCESSO: Registro 7ce467d7-b611-4556-a953-8172a7eb4c02 processado
[20:40:53] Processando registro a1e62fa4-fef8-4659-9f90-ac72ad46ab4c: SP483437
[20:41:08] SUCESSO: Registro a1e62fa4-fef8-4659-9f90-ac72ad46ab4c processado
[20:41:10] Processando registro bbf1ce95-411e-495e-825f-50af1d81004c: SP483437
[20:41:26] SUCESSO: Registro bbf1ce95-411e-495e-825f-50af1d81004c processado
[20:41:28] Processando registro 151242ae-8e76-44b0-92cd-39de32826466: SP450747
[20:41:43] SUCESSO: Registro 151242ae-8e76-44b0-92cd-39de32826466 processado
[20:41:45] Processando registro ef29a69a-dc78-4c29-9374-55f7fa4fa615: SP409440
[20:42:01] SUCESSO: Registro ef29a69a-dc78-4c29-9374-55f7fa4fa615 processado
[20:42:03] Processando registro 0ae8d13c-799a-4709-b657-b2938f4a54c1: SP409440
[20:42:18] SUCESSO: Registro 0ae8d13c-799a-4709-b657-b2938f4a54c1 processado
[20:42:20] Processando registro bbd5b9fa-06b0-424f-8431-491b17719ab7: SP273361
[20:42:36] SUCESSO: Registro bbd5b9fa-06b0-424f-8431-491b17719ab7 processado
[20:42:38] Processando registro fc97bcb5-5773-4ade-8a3f-61bef94848f0: SP496193
[20:42:53] SUCESSO: Registro fc97bcb5-5773-4ade-8a3f-61bef94848f0 processado
[20:42:55] Processando registro 5dd2975d-3a97-40d0-9960-800f0a0f7b0e: SP496193
[20:43:10] SUCESSO: Registro 5dd2975d-3a97-40d0-9960-800f0a0f7b0e processado
[20:43:12] Processando registro 07c2713f-eb88-4d70-96d0-c36681ab7a42: SP409440
[20:43:28] SUCESSO: Registro 07c2713f-eb88-4d70-96d0-c36681ab7a42 processado
[20:43:30] Processando registro 67e0e6a8-8f14-4a20-a7a2-caf516434708: SP409440
[20:43:45] SUCESSO: Registro 67e0e6a8-8f14-4a20-a7a2-caf516434708 processado
[20:43:47] Processando registro 7626b8b1-03aa-447f-a4ce-058f2e9560c3: SP496193
[20:44:03] SUCESSO: Registro 7626b8b1-03aa-447f-a4ce-058f2e9560c3 processado
[20:44:05] Processando registro d9794a29-7525-4c25-8af1-603e0c19b12e: SP496193
[20:44:20] SUCESSO: Registro d9794a29-7525-4c25-8af1-603e0c19b12e processado
[20:44:22] Processando registro 7abdad24-355e-4777-add5-e93a52667c16: SP464090
[20:44:38] SUCESSO: Registro 7abdad24-355e-4777-add5-e93a52667c16 processado
[20:44:40] Processando registro bf50485a-f17d-44f5-9887-866b2fdec83a: SP496193
[20:44:54] SUCESSO: Registro bf50485a-f17d-44f5-9887-866b2fdec83a processado
[20:44:56] Processando registro e71890dc-99b8-4b0b-9125-76486bfec2a2: SP496193
[20:45:12] SUCESSO: Registro e71890dc-99b8-4b0b-9125-76486bfec2a2 processado
[20:45:14] Processando registro 9679792b-4123-4cf8-8e94-5298b08238c7: SP496193
[20:45:29] SUCESSO: Registro 9679792b-4123-4cf8-8e94-5298b08238c7 processado
[20:45:31] Processando registro ee08e891-f02d-4745-9e22-d77f91657008: SP202452
[20:45:47] SUCESSO: Registro ee08e891-f02d-4745-9e22-d77f91657008 processado
[20:45:49] Processando registro 5c2295b8-9b94-44ec-9f2a-4c5be81a9a1d: SP202452
[20:46:03] SUCESSO: Registro 5c2295b8-9b94-44ec-9f2a-4c5be81a9a1d processado
[20:46:05] Processando registro a0f2b7eb-9b38-4008-930f-4b7d6d824854: SP202452
[20:46:20] SUCESSO: Registro a0f2b7eb-9b38-4008-930f-4b7d6d824854 processado
[20:46:22] Processando registro 84f56ead-e080-49e3-adf4-f9a0fc554fb6: SP145354
[20:46:39] SUCESSO: Registro 84f56ead-e080-49e3-adf4-f9a0fc554fb6 processado
[20:46:41] Processando registro c8b3ff28-d6b3-4ab3-ba4a-0e1e160ee641: SP145354
[20:46:56] SUCESSO: Registro c8b3ff28-d6b3-4ab3-ba4a-0e1e160ee641 processado
[20:46:58] Processando registro 008528e8-7a78-4cbe-9547-62f20b44c450: SP481958
[20:47:14] SUCESSO: Registro 008528e8-7a78-4cbe-9547-62f20b44c450 processado
[20:47:14] Resultado intermediário salvo em: Pesquisa/intermediario_20250709_204714.json
[20:47:16] Processando registro 876ed7b9-febb-4cd4-94a3-d4607306de9d: SP481958
[20:47:31] SUCESSO: Registro 876ed7b9-febb-4cd4-94a3-d4607306de9d processado
[20:47:33] Processando registro 34ad8831-a0a9-4958-9d88-272dcf3acd87: SP084736
[20:47:39] ERRO: Falha ao processar registro 34ad8831-a0a9-4958-9d88-272dcf3acd87
[20:47:41] Processando registro 576a5660-4b00-4dd3-8486-a52407b5630d: SP084736
[20:47:47] ERRO: Falha ao processar registro 576a5660-4b00-4dd3-8486-a52407b5630d
[20:47:49] Processando registro 38380697-7c70-48f4-8017-f054c5262520: SP517010
[20:48:05] SUCESSO: Registro 38380697-7c70-48f4-8017-f054c5262520 processado
[20:48:07] Processando registro 479b47c2-174e-42ea-993c-62b23055424e: SP517010
[20:48:22] SUCESSO: Registro 479b47c2-174e-42ea-993c-62b23055424e processado
[20:48:24] Processando registro 3ee8488f-3aa4-4b71-80e1-6df9e284569c: SP517010
[20:48:39] SUCESSO: Registro 3ee8488f-3aa4-4b71-80e1-6df9e284569c processado
[20:48:41] Processando registro e9ecd82f-f728-4c58-9f24-766008058615: SP517010
[20:48:57] SUCESSO: Registro e9ecd82f-f728-4c58-9f24-766008058615 processado
[20:48:59] Processando registro 1218a5f2-7154-415c-abbe-fb2276f8ed2a: SP517010
[20:49:14] SUCESSO: Registro 1218a5f2-7154-415c-abbe-fb2276f8ed2a processado
[20:49:16] Processando registro b6cdf2a8-c76c-430b-a0a5-932c35c06a76: SP517010
[20:49:32] SUCESSO: Registro b6cdf2a8-c76c-430b-a0a5-932c35c06a76 processado
[20:49:34] Processando registro c7b82820-7bd9-4f98-b9f0-226129054c09: SP464090
[20:49:49] SUCESSO: Registro c7b82820-7bd9-4f98-b9f0-226129054c09 processado
[20:49:51] Processando registro d97c25fe-de93-4464-a6fd-5729c0adf4a8: SP517010
[20:50:07] SUCESSO: Registro d97c25fe-de93-4464-a6fd-5729c0adf4a8 processado
[20:50:09] Processando registro dbc1b83a-bf15-4e6f-8dd5-c88b58077d44: SP517010
[20:50:24] SUCESSO: Registro dbc1b83a-bf15-4e6f-8dd5-c88b58077d44 processado
[20:50:26] Processando registro 96299b99-1b06-4030-9310-5e2eae614ff4: SP464090
[20:50:42] SUCESSO: Registro 96299b99-1b06-4030-9310-5e2eae614ff4 processado
[20:50:44] Processando registro d757e44c-987e-4abd-9bc6-743c91bd56ce: SP464090
[20:50:59] SUCESSO: Registro d757e44c-987e-4abd-9bc6-743c91bd56ce processado
[20:51:01] Processando registro e48d5c5c-210a-4a4e-91aa-c2276ee5ad09: SP464090
[20:51:17] SUCESSO: Registro e48d5c5c-210a-4a4e-91aa-c2276ee5ad09 processado
[20:51:19] Processando registro dfc501e8-9dad-49c9-9121-645f25afc00b: SP464090
[20:51:34] SUCESSO: Registro dfc501e8-9dad-49c9-9121-645f25afc00b processado
[20:51:36] Processando registro f98e478a-e3ca-4113-859a-652a936b407a: SP464090
[20:51:52] SUCESSO: Registro f98e478a-e3ca-4113-859a-652a936b407a processado
[20:51:54] Processando registro 101716c3-6fb0-4d32-a1c8-15623ea8c3a2: SP464090
[20:52:08] SUCESSO: Registro 101716c3-6fb0-4d32-a1c8-15623ea8c3a2 processado
[20:52:10] Processando registro 6da92f27-f50d-4d32-993c-38a75d1c7ffc: SP197218
[20:52:26] SUCESSO: Registro 6da92f27-f50d-4d32-993c-38a75d1c7ffc processado
[20:52:28] Processando registro 50e6282f-41a4-464a-80c0-47907ea7f1fa: SP197218
[20:52:43] SUCESSO: Registro 50e6282f-41a4-464a-80c0-47907ea7f1fa processado
[20:52:45] Processando registro 497e1d94-7c52-4aa9-9f1d-d45f939a5304: SP409440
[20:53:01] SUCESSO: Registro 497e1d94-7c52-4aa9-9f1d-d45f939a5304 processado
[20:53:03] Processando registro 6e0beaac-9c95-44d7-ac85-9b8e61cc5a07: SP517010
[20:53:19] SUCESSO: Registro 6e0beaac-9c95-44d7-ac85-9b8e61cc5a07 processado
[20:53:21] Processando registro a2d36822-618b-4099-abac-03a45a9d74eb: SP409440
[20:53:36] SUCESSO: Registro a2d36822-618b-4099-abac-03a45a9d74eb processado
[20:53:38] Processando registro d90e6057-383a-48ba-9117-abbcb050ae37: SP197218
[20:53:54] SUCESSO: Registro d90e6057-383a-48ba-9117-abbcb050ae37 processado
[20:53:56] Processando registro c768b0ea-8874-4b4d-95df-4f91bfc975be: SP197218
[20:54:11] SUCESSO: Registro c768b0ea-8874-4b4d-95df-4f91bfc975be processado
[20:54:11] Resultado intermediário salvo em: Pesquisa/intermediario_20250709_205411.json
[20:54:13] Processando registro a93ffac0-786b-4f63-b2be-3c5fab469216: SP197218
[20:54:29] SUCESSO: Registro a93ffac0-786b-4f63-b2be-3c5fab469216 processado
[20:54:31] Processando registro cfadd75b-ba6c-47cf-a372-9a5585897d47: SP302740
[20:54:46] SUCESSO: Registro cfadd75b-ba6c-47cf-a372-9a5585897d47 processado
[20:54:48] Processando registro e35cd555-99a7-4124-8429-16a55e342271: SP341759
[20:55:04] SUCESSO: Registro e35cd555-99a7-4124-8429-16a55e342271 processado
[20:55:06] Processando registro 15f94c51-0cde-4070-b88b-850e203a246d: SP341759
[20:55:21] SUCESSO: Registro 15f94c51-0cde-4070-b88b-850e203a246d processado
[20:55:23] Processando registro 369580e5-b6c7-4c39-9b48-17e2203557f1: SP341759
[20:55:39] SUCESSO: Registro 369580e5-b6c7-4c39-9b48-17e2203557f1 processado
[20:55:41] Processando registro ebcb6fc4-e52e-4fae-b05d-12c8f8f01eff: SP341759
[20:55:57] SUCESSO: Registro ebcb6fc4-e52e-4fae-b05d-12c8f8f01eff processado
[20:55:59] Processando registro ace3a287-a62a-4ee3-8e26-2db26b10a233: SP341759
[20:56:14] SUCESSO: Registro ace3a287-a62a-4ee3-8e26-2db26b10a233 processado
[20:56:16] Processando registro e0d1c246-8790-4557-8409-735d39c9d67c: SP341759
[20:56:32] SUCESSO: Registro e0d1c246-8790-4557-8409-735d39c9d67c processado
[20:56:34] Processando registro 3fc98cd7-3f0b-4627-a319-47a91b7aeb12: SP341759
[20:56:49] SUCESSO: Registro 3fc98cd7-3f0b-4627-a319-47a91b7aeb12 processado
[20:56:51] Processando registro 1868b890-00f4-42fb-a07c-a4ce1d008bc6: SP341759
[20:57:07] SUCESSO: Registro 1868b890-00f4-42fb-a07c-a4ce1d008bc6 processado
[20:57:09] Processando registro bd63f465-a2b1-4d8f-80d3-50c248c68988: SP341759
[20:57:24] SUCESSO: Registro bd63f465-a2b1-4d8f-80d3-50c248c68988 processado
[20:57:26] Processando registro 237efdff-14f9-46f4-bd5b-27f0a266ec3b: SP341759
[20:57:42] SUCESSO: Registro 237efdff-14f9-46f4-bd5b-27f0a266ec3b processado
[20:57:44] Processando registro 15b271ea-228b-44db-8b5c-7940cb1b8497: SP517010
[20:57:59] SUCESSO: Registro 15b271ea-228b-44db-8b5c-7940cb1b8497 processado
[20:58:01] Processando registro efba62bf-d690-4ba7-a908-01d8391291ae: SP517010
[20:58:17] SUCESSO: Registro efba62bf-d690-4ba7-a908-01d8391291ae processado
[20:58:19] Processando registro 78506973-ef25-4692-bc9d-f71b048e0c37: SP517010
[20:58:34] SUCESSO: Registro 78506973-ef25-4692-bc9d-f71b048e0c37 processado
[20:58:36] Processando registro ea9c2783-7cc7-4f58-b183-81f48249b529: SP517010
[20:58:52] SUCESSO: Registro ea9c2783-7cc7-4f58-b183-81f48249b529 processado
[20:58:54] Processando registro b5d86b13-310a-48c3-8ad1-9227ba8043a9: SP409440
[20:59:09] SUCESSO: Registro b5d86b13-310a-48c3-8ad1-9227ba8043a9 processado
[20:59:11] Processando registro 7fbf4530-53fc-4c02-bbdc-a0bfca0c4e9e: SP345596
[20:59:27] SUCESSO: Registro 7fbf4530-53fc-4c02-bbdc-a0bfca0c4e9e processado
[20:59:29] Processando registro e2538d74-fd15-41f2-b7cd-3317471ccabe: SP345596
[20:59:44] SUCESSO: Registro e2538d74-fd15-41f2-b7cd-3317471ccabe processado
[20:59:46] Processando registro 458fd099-f98f-4449-86ac-714f6823207b: SP345596
[21:00:02] SUCESSO: Registro 458fd099-f98f-4449-86ac-714f6823207b processado
[21:00:04] Processando registro fd880954-fb6f-4993-b0ea-738795fde00d: SP425734
[21:00:20] SUCESSO: Registro fd880954-fb6f-4993-b0ea-738795fde00d processado
[21:00:22] Processando registro 5fc26fb3-ed3e-418a-96fa-6cf289972f70: SP425734
[21:00:37] SUCESSO: Registro 5fc26fb3-ed3e-418a-96fa-6cf289972f70 processado
[21:00:39] Processando registro f8591a96-df5c-4d23-85b7-3339a25423a9: SP432104
[21:00:55] SUCESSO: Registro f8591a96-df5c-4d23-85b7-3339a25423a9 processado
[21:00:57] Processando registro 27d3b231-ea6b-4663-99db-91211fc17342: SP491016
[21:01:12] SUCESSO: Registro 27d3b231-ea6b-4663-99db-91211fc17342 processado
[21:01:14] Processando registro c92b3033-6f34-4a47-83a2-5903b5a678aa: SP243717
[21:01:30] SUCESSO: Registro c92b3033-6f34-4a47-83a2-5903b5a678aa processado
[21:01:30] Resultado intermediário salvo em: Pesquisa/intermediario_20250709_210130.json
[21:01:30] Lote concluído: {"total": 100, "processados": 100, "sucessos": 98, "erros": 2, "tempo_inicio": 1752103964.2518575, "tempo_total": 1726.026795387268, "taxa_sucesso": 98.0}
[21:01:35] Iniciando processamento de lote (limite: 100)
[21:01:35] Processando registro 3473b80c-3de8-4b9e-8655-26f1fdd09b73: SP243717
[21:01:51] SUCESSO: Registro 3473b80c-3de8-4b9e-8655-26f1fdd09b73 processado
[21:01:53] Processando registro 09e2b1f3-b04f-422a-ad2c-bc5d22247462: SP341759
[21:02:08] SUCESSO: Registro 09e2b1f3-b04f-422a-ad2c-bc5d22247462 processado
[21:02:10] Processando registro 4c1fec9b-59ba-4a8d-8586-4dc203ebfda6: SP517010
[21:02:25] SUCESSO: Registro 4c1fec9b-59ba-4a8d-8586-4dc203ebfda6 processado
[21:02:27] Processando registro 6fe5d09a-7101-443e-b3c8-b292523968a3: SP160112
[21:02:43] SUCESSO: Registro 6fe5d09a-7101-443e-b3c8-b292523968a3 processado
[21:02:45] Processando registro d460e4f1-fddd-41b4-b1fb-81a89094336e: SP160112
[21:03:01] SUCESSO: Registro d460e4f1-fddd-41b4-b1fb-81a89094336e processado
[21:03:03] Processando registro df84a7b0-a1c7-4ff1-acf9-34ef829117e0: SP160112
[21:03:18] SUCESSO: Registro df84a7b0-a1c7-4ff1-acf9-34ef829117e0 processado
[21:03:20] Processando registro 4121049a-255e-4b57-a1bb-1443b003be6b: SP160112
[21:03:34] SUCESSO: Registro 4121049a-255e-4b57-a1bb-1443b003be6b processado
[21:03:36] Processando registro ed19f3e5-ddc2-4f47-9ffa-6038a93a8b3c: SP160112
[21:03:52] SUCESSO: Registro ed19f3e5-ddc2-4f47-9ffa-6038a93a8b3c processado
[21:03:54] Processando registro 51e65b67-d5c8-43d4-a2a3-e483c6d0b510: GO032080
[21:03:59] ERRO: Falha ao processar registro 51e65b67-d5c8-43d4-a2a3-e483c6d0b510
[21:04:01] Processando registro 1010be84-9dc0-4017-937f-7c77d59dc007: GO032080
[21:04:08] ERRO: Falha ao processar registro 1010be84-9dc0-4017-937f-7c77d59dc007
[21:04:10] Processando registro 123f4e7a-cf48-4f55-88e7-59cc135d9501: GO032080
[21:04:15] ERRO: Falha ao processar registro 123f4e7a-cf48-4f55-88e7-59cc135d9501
[21:04:17] Processando registro 125c4cf0-9f14-44d5-b10c-c3fa35ea95af: SP160112
[21:04:32] SUCESSO: Registro 125c4cf0-9f14-44d5-b10c-c3fa35ea95af processado
[21:04:35] Processando registro e3d1c4bb-3a42-4e2e-aca4-e8bc8676acc0: SP160112
[21:04:50] SUCESSO: Registro e3d1c4bb-3a42-4e2e-aca4-e8bc8676acc0 processado
[21:04:52] Processando registro 7b378df5-6119-4ac9-878b-44a9c2e09be9: SP160112
[21:05:08] SUCESSO: Registro 7b378df5-6119-4ac9-878b-44a9c2e09be9 processado
[21:05:10] Processando registro d21b73c6-2ff7-4873-8871-5b15500de7ef: SP160112
[21:05:25] SUCESSO: Registro d21b73c6-2ff7-4873-8871-5b15500de7ef processado
[21:05:27] Processando registro be9b78cb-acc4-434d-8f8e-2ddf24360f19: SP160112
[21:05:42] SUCESSO: Registro be9b78cb-acc4-434d-8f8e-2ddf24360f19 processado
[21:05:44] Processando registro a6cc4d64-5859-4840-ad5d-957c3c17c990: SP160112
[21:06:00] SUCESSO: Registro a6cc4d64-5859-4840-ad5d-957c3c17c990 processado
[21:06:02] Processando registro 31f54f79-bf73-44d2-aded-191077bc4de0: SP160112
[21:06:17] SUCESSO: Registro 31f54f79-bf73-44d2-aded-191077bc4de0 processado
[21:06:19] Processando registro 15593ce5-5198-452e-868e-5e2174f6c25f: SP341759
[21:06:35] SUCESSO: Registro 15593ce5-5198-452e-868e-5e2174f6c25f processado
[21:06:37] Processando registro 2aa22f8a-4f44-4bfc-8228-ae66d9143c42: SP341759
[21:06:52] SUCESSO: Registro 2aa22f8a-4f44-4bfc-8228-ae66d9143c42 processado
[21:06:54] Processando registro b0276504-d93b-47e2-869e-82ddc36b410f: SP160112
[21:07:10] SUCESSO: Registro b0276504-d93b-47e2-869e-82ddc36b410f processado
[21:07:12] Processando registro af887466-ebc4-4638-ab22-f689016c476b: SP160112
[21:07:27] SUCESSO: Registro af887466-ebc4-4638-ab22-f689016c476b processado
[21:07:29] Processando registro 7297e299-26a0-46e5-80e5-38b1ea4090fb: SP160112
[21:07:45] SUCESSO: Registro 7297e299-26a0-46e5-80e5-38b1ea4090fb processado
[21:07:47] Processando registro 7bf69509-c399-455c-a248-df55e0c193dd: BA083648
[21:07:52] ERRO: Falha ao processar registro 7bf69509-c399-455c-a248-df55e0c193dd
[21:07:54] Processando registro f1483c9e-d34f-42a9-bc58-091f6e454094: SP387118
[21:08:09] SUCESSO: Registro f1483c9e-d34f-42a9-bc58-091f6e454094 processado
[21:08:09] Resultado intermediário salvo em: Pesquisa/intermediario_20250709_210809.json
[21:08:11] Processando registro b30e03bf-8aa1-4272-87db-9d4a37a1be61: SP387118
[21:08:27] SUCESSO: Registro b30e03bf-8aa1-4272-87db-9d4a37a1be61 processado
[21:08:29] Processando registro ad134cc6-db8c-4ca8-80c0-c6b6c12eb17b: SP387118
[21:08:44] SUCESSO: Registro ad134cc6-db8c-4ca8-80c0-c6b6c12eb17b processado
[21:08:46] Processando registro aaa273e5-13bb-4b20-93ad-171e5511d972: SP080915
[21:08:53] ERRO: Falha ao processar registro aaa273e5-13bb-4b20-93ad-171e5511d972
[21:08:55] Processando registro e273d7f9-8a08-4fd2-9d9f-e31548b5fc63: SP080915
[21:09:00] ERRO: Falha ao processar registro e273d7f9-8a08-4fd2-9d9f-e31548b5fc63
[21:09:02] Processando registro a897df90-043a-49e4-9c8e-c562930f1016: SP518049
[21:09:17] SUCESSO: Registro a897df90-043a-49e4-9c8e-c562930f1016 processado
[21:09:19] Processando registro 7b4e25df-df60-42f5-afaf-a79cfb506e43: SP518049
[21:09:35] SUCESSO: Registro 7b4e25df-df60-42f5-afaf-a79cfb506e43 processado
[21:09:37] Processando registro dee6533c-9a34-4a04-8b5f-cef77e5be62a: SP518049
[21:09:42] ERRO: Falha ao processar registro dee6533c-9a34-4a04-8b5f-cef77e5be62a
[21:09:44] Processando registro c3b3c6c9-b828-48d0-9294-3cefedcdb895: SP387118
[21:09:51] ERRO: Falha ao processar registro c3b3c6c9-b828-48d0-9294-3cefedcdb895
[21:09:53] Processando registro 793bd4a4-84e0-4da0-b533-f453ebec82a4: SP387118
[21:09:58] ERRO: Falha ao processar registro 793bd4a4-84e0-4da0-b533-f453ebec82a4
[21:10:00] Processando registro 20662e56-68c9-4ec8-915f-dfb9cccffc21: SP387118
[21:10:06] ERRO: Falha ao processar registro 20662e56-68c9-4ec8-915f-dfb9cccffc21
[21:10:08] Processando registro ba287921-97c2-4228-b9b2-646a28fb52d1: SP387118
[21:10:14] ERRO: Falha ao processar registro ba287921-97c2-4228-b9b2-646a28fb52d1
[21:10:16] Processando registro 06db35ae-d968-4dd8-91fd-41e27a990da2: SP455262
[21:10:22] ERRO: Falha ao processar registro 06db35ae-d968-4dd8-91fd-41e27a990da2
[21:10:24] Processando registro c91ee3b8-d389-4c5c-ab4d-4265fdb5178e: SP455262
[21:10:29] ERRO: Falha ao processar registro c91ee3b8-d389-4c5c-ab4d-4265fdb5178e
[21:10:31] Processando registro 57f2fc6a-44cc-4bc4-a032-666027eb2265: SP341759
[21:10:38] ERRO: Falha ao processar registro 57f2fc6a-44cc-4bc4-a032-666027eb2265
[21:10:40] Processando registro daab6b60-64e9-42c7-968c-17798d299c54: SP341759
[21:10:45] ERRO: Falha ao processar registro daab6b60-64e9-42c7-968c-17798d299c54
[21:10:47] Processando registro 2313c52b-4eb5-4dd1-b9dc-ec3174ce268a: SP341759
[21:10:53] ERRO: Falha ao processar registro 2313c52b-4eb5-4dd1-b9dc-ec3174ce268a
[21:10:55] Processando registro 12c1aa2a-6f40-4c4a-9693-ed4e276b55ca: SP455262
[21:11:01] ERRO: Falha ao processar registro 12c1aa2a-6f40-4c4a-9693-ed4e276b55ca
[21:11:03] Processando registro 89feff25-7422-4cef-84fc-81e18b451524: SP180953
[21:11:09] ERRO: Falha ao processar registro 89feff25-7422-4cef-84fc-81e18b451524
[21:11:11] Processando registro a578cabc-2a1c-48d3-8051-54c9a8c01afe: SP180953
[21:11:17] ERRO: Falha ao processar registro a578cabc-2a1c-48d3-8051-54c9a8c01afe
[21:11:19] Processando registro faf28523-13f1-4c1a-af2b-f88e7f61ec01: SP180953
[21:11:25] ERRO: Falha ao processar registro faf28523-13f1-4c1a-af2b-f88e7f61ec01
[21:11:27] Processando registro e6c4690e-db99-4df1-8e87-fc02c66ea4ae: SP455262
[21:11:32] ERRO: Falha ao processar registro e6c4690e-db99-4df1-8e87-fc02c66ea4ae
[21:11:34] Processando registro b9583398-6045-4577-956a-1aa32b55d4ed: MG175562
[21:11:41] ERRO: Falha ao processar registro b9583398-6045-4577-956a-1aa32b55d4ed
[21:11:43] Processando registro 76a1d7cd-69aa-4bf9-8371-0055e670bf42: SP345596
[21:11:48] ERRO: Falha ao processar registro 76a1d7cd-69aa-4bf9-8371-0055e670bf42
[21:11:50] Processando registro c8152342-f0d8-468b-9ba6-c90f7c608bce: SP243717
[21:11:56] ERRO: Falha ao processar registro c8152342-f0d8-468b-9ba6-c90f7c608bce
[21:11:58] Processando registro 68a1ab7b-82b3-460c-ae2e-9a2783527536: SP326440
[21:12:04] ERRO: Falha ao processar registro 68a1ab7b-82b3-460c-ae2e-9a2783527536
[21:12:04] Resultado intermediário salvo em: Pesquisa/intermediario_20250709_211204.json
[21:12:06] Processando registro 23fa7464-528c-4abc-a62e-08e533f0e469: SP341759
[21:12:12] ERRO: Falha ao processar registro 23fa7464-528c-4abc-a62e-08e533f0e469
[21:12:14] Processando registro cc2bcd4c-d57e-4cdf-b4ba-7c4ad36ba91f: SP326440
[21:12:19] ERRO: Falha ao processar registro cc2bcd4c-d57e-4cdf-b4ba-7c4ad36ba91f
[21:12:21] Processando registro 3b39c028-ded3-48e2-9621-43a9d8e352e3: SP145354
[21:12:28] ERRO: Falha ao processar registro 3b39c028-ded3-48e2-9621-43a9d8e352e3
[21:12:30] Processando registro 554ba9ff-2126-47e4-b5fa-d7882a290414: SP494570
[21:12:35] ERRO: Falha ao processar registro 554ba9ff-2126-47e4-b5fa-d7882a290414
[21:12:37] Processando registro 90503da5-78e1-4eb6-943b-da58a024750e: SP169165
[21:12:44] ERRO: Falha ao processar registro 90503da5-78e1-4eb6-943b-da58a024750e
[21:12:46] Processando registro 1af27fe8-565a-4eb5-bc68-e6f3031ead90: SP348992
[21:12:51] ERRO: Falha ao processar registro 1af27fe8-565a-4eb5-bc68-e6f3031ead90
[21:12:53] Processando registro 9d21ea47-1ce2-4f87-9531-3d522a6cafbf: SP169165
[21:13:00] ERRO: Falha ao processar registro 9d21ea47-1ce2-4f87-9531-3d522a6cafbf
[21:13:02] Processando registro b220ed05-ec64-4005-bfbb-27dc6df78223: SP169165
[21:13:07] ERRO: Falha ao processar registro b220ed05-ec64-4005-bfbb-27dc6df78223
[21:13:09] Processando registro 35fc7549-45b6-4c81-8120-ffac82230b8e: SP169165
[21:13:15] ERRO: Falha ao processar registro 35fc7549-45b6-4c81-8120-ffac82230b8e
[21:13:17] Processando registro 19c6fd93-bc18-450c-8eb8-d1f65defdb38: SP169165
[21:13:23] ERRO: Falha ao processar registro 19c6fd93-bc18-450c-8eb8-d1f65defdb38
[21:13:25] Processando registro c3d469dc-ddde-4370-8d70-7bf40d0a95fb: SP169165
[21:13:31] ERRO: Falha ao processar registro c3d469dc-ddde-4370-8d70-7bf40d0a95fb
[21:13:33] Processando registro 073b7bdd-d872-4133-b74d-3ac5bd9bb86c: SP169165
[21:13:38] ERRO: Falha ao processar registro 073b7bdd-d872-4133-b74d-3ac5bd9bb86c
[21:13:40] Processando registro 51716007-dc37-4973-8b5d-175c7f45e35a: SP243717
[21:13:47] ERRO: Falha ao processar registro 51716007-dc37-4973-8b5d-175c7f45e35a
[21:13:49] Processando registro ec0e3b43-4cfc-44eb-80de-9f4de229bc9d: SP243717
[21:13:54] ERRO: Falha ao processar registro ec0e3b43-4cfc-44eb-80de-9f4de229bc9d
[21:13:56] Processando registro 9d710092-f57a-42f7-afc8-9472ddd4a11f: SP243717
[21:14:02] ERRO: Falha ao processar registro 9d710092-f57a-42f7-afc8-9472ddd4a11f
[21:14:04] Processando registro 738359bd-f215-4753-9f6d-91692e6d8b2a: SP243717
[21:14:10] ERRO: Falha ao processar registro 738359bd-f215-4753-9f6d-91692e6d8b2a
[21:14:12] Processando registro 52c8f89e-042d-48b6-80f5-d73cc058dfe8: SP243717
[21:14:18] ERRO: Falha ao processar registro 52c8f89e-042d-48b6-80f5-d73cc058dfe8
[21:14:20] Processando registro e932bf3b-d47b-4fb3-b2a6-445f28c5fadb: SP243717
[21:14:26] ERRO: Falha ao processar registro e932bf3b-d47b-4fb3-b2a6-445f28c5fadb
[21:14:28] Processando registro 01710383-788a-4958-a45c-bfcff108d2e2: SP243717
[21:14:34] ERRO: Falha ao processar registro 01710383-788a-4958-a45c-bfcff108d2e2
[21:14:36] Processando registro 3ab02d5b-bffc-4426-a9ad-a40a919510e3: SP243717
[21:14:41] ERRO: Falha ao processar registro 3ab02d5b-bffc-4426-a9ad-a40a919510e3
[21:14:43] Processando registro e71dd65c-95c4-4816-ac9e-cad71eee5250: SP243717
[21:14:49] ERRO: Falha ao processar registro e71dd65c-95c4-4816-ac9e-cad71eee5250
[21:14:52] Processando registro 8533667f-4c5d-411a-8cf5-f338e0908323: SP243717
[21:14:57] ERRO: Falha ao processar registro 8533667f-4c5d-411a-8cf5-f338e0908323
[21:14:59] Processando registro 7bacb40f-b3ab-4b05-b052-ebc5464a11ad: SP243717
[21:15:05] ERRO: Falha ao processar registro 7bacb40f-b3ab-4b05-b052-ebc5464a11ad
[21:15:07] Processando registro 9e103803-7dd1-42dc-b10b-97c11283ee18: SP177046
[21:15:13] ERRO: Falha ao processar registro 9e103803-7dd1-42dc-b10b-97c11283ee18
[21:15:15] Processando registro 92ddc43f-9565-466f-bfcc-ef729a8040c5: SP177046
[21:15:21] ERRO: Falha ao processar registro 92ddc43f-9565-466f-bfcc-ef729a8040c5
[21:15:21] Resultado intermediário salvo em: Pesquisa/intermediario_20250709_211521.json
[21:15:23] Processando registro bd5ce841-ad80-403e-ab81-80caf03344be: SP177046
[21:15:28] ERRO: Falha ao processar registro bd5ce841-ad80-403e-ab81-80caf03344be
[21:15:30] Processando registro 908922fb-9b97-4d01-811e-7ce82da4d550: SP177046
[21:15:37] ERRO: Falha ao processar registro 908922fb-9b97-4d01-811e-7ce82da4d550
[21:15:39] Processando registro 8f43d104-3d88-4402-826e-365ad70d6178: SP177046
[21:15:44] ERRO: Falha ao processar registro 8f43d104-3d88-4402-826e-365ad70d6178
[21:15:46] Processando registro aa2807e4-fa00-4df9-8530-6383c986c1e2: SP177046
[21:15:52] ERRO: Falha ao processar registro aa2807e4-fa00-4df9-8530-6383c986c1e2
[21:15:54] Processando registro efeff3ec-2601-45f9-8d80-d6a8bd474b64: SP177046
[21:16:00] ERRO: Falha ao processar registro efeff3ec-2601-45f9-8d80-d6a8bd474b64
[21:16:02] Processando registro 7c577055-db4e-4316-af80-db3ab424755f: SP341759
[21:16:08] ERRO: Falha ao processar registro 7c577055-db4e-4316-af80-db3ab424755f
[21:16:10] Processando registro eebb9f15-9560-48c9-bfdc-9f13b908e4fc: SP169165
[21:16:15] ERRO: Falha ao processar registro eebb9f15-9560-48c9-bfdc-9f13b908e4fc
[21:16:17] Processando registro 95eaa22b-7624-49f3-8688-d0b4c7fd4a3b: SP160112
[21:16:24] ERRO: Falha ao processar registro 95eaa22b-7624-49f3-8688-d0b4c7fd4a3b
[21:16:26] Processando registro d6b2f4bd-5b43-4b96-bee4-b06b9dea9e8d: SP160112
[21:16:31] ERRO: Falha ao processar registro d6b2f4bd-5b43-4b96-bee4-b06b9dea9e8d
[21:16:33] Processando registro 4caa8edc-6032-4eaa-8385-488c8109eade: SP387118
[21:16:39] ERRO: Falha ao processar registro 4caa8edc-6032-4eaa-8385-488c8109eade
[21:16:41] Processando registro 5d7bf544-0069-455a-a1c8-1834d474cdeb: SP387118
[21:16:47] ERRO: Falha ao processar registro 5d7bf544-0069-455a-a1c8-1834d474cdeb
[21:16:49] Processando registro f8341f1b-afdb-489d-98f7-4ab658ab60ae: SP387118
[21:16:55] ERRO: Falha ao processar registro f8341f1b-afdb-489d-98f7-4ab658ab60ae
[21:16:57] Processando registro 45c3e08d-e700-4ef9-9797-f7f6f0a4511f: SP387118
[21:17:02] ERRO: Falha ao processar registro 45c3e08d-e700-4ef9-9797-f7f6f0a4511f
[21:17:04] Processando registro d7b7f141-f0ab-4887-85b4-dda72100e23b: SP491684
[21:17:11] ERRO: Falha ao processar registro d7b7f141-f0ab-4887-85b4-dda72100e23b
[21:17:13] Processando registro c7e4ac0a-5b4d-4d75-8e91-7c5a8d621347: SP491684
[21:17:18] ERRO: Falha ao processar registro c7e4ac0a-5b4d-4d75-8e91-7c5a8d621347
[21:17:20] Processando registro 40496a0e-31cc-4a09-a3fa-b4c3399e86ae: SP491684
[21:17:26] ERRO: Falha ao processar registro 40496a0e-31cc-4a09-a3fa-b4c3399e86ae
[21:17:28] Processando registro 32a4e43a-e8d0-456d-91b3-fb3fb3392070: SP491684
[21:17:33] ERRO: Falha ao processar registro 32a4e43a-e8d0-456d-91b3-fb3fb3392070
[21:17:35] Processando registro 2ce63515-4976-479b-9afa-a61885381007: SP491684
[21:17:42] ERRO: Falha ao processar registro 2ce63515-4976-479b-9afa-a61885381007
[21:17:44] Processando registro 61a8bcf3-0779-4476-9af9-c508b766cb5e: SP491684
[21:17:49] ERRO: Falha ao processar registro 61a8bcf3-0779-4476-9af9-c508b766cb5e
[21:17:51] Processando registro d930b015-813a-4b5e-96ae-34a18b9abbf5: SP491684
[21:17:58] ERRO: Falha ao processar registro d930b015-813a-4b5e-96ae-34a18b9abbf5
[21:18:00] Processando registro 206f3735-22a2-4d68-82e1-877411a726bb: SP491684
[21:18:05] ERRO: Falha ao processar registro 206f3735-22a2-4d68-82e1-877411a726bb
[21:18:07] Processando registro 40f882ba-8893-43c5-a273-c0534140ee38: SP491684
[21:18:14] ERRO: Falha ao processar registro 40f882ba-8893-43c5-a273-c0534140ee38
[21:18:16] Processando registro 62a02ce6-7abb-4ca7-aeca-d34e9dc89e73: SP491684
[21:18:21] ERRO: Falha ao processar registro 62a02ce6-7abb-4ca7-aeca-d34e9dc89e73
[21:18:23] Processando registro 1a7516a4-a402-4330-b0de-9614075151b8: SP491684
[21:18:29] ERRO: Falha ao processar registro 1a7516a4-a402-4330-b0de-9614075151b8
[21:18:31] Processando registro 078bc8b2-8eb4-43af-badd-a59cd467cecf: SP491684
[21:18:37] ERRO: Falha ao processar registro 078bc8b2-8eb4-43af-badd-a59cd467cecf
[21:18:37] Resultado intermediário salvo em: Pesquisa/intermediario_20250709_211837.json
[21:18:37] Lote concluído: {"total": 100, "processados": 100, "sucessos": 25, "erros": 75, "tempo_inicio": 1752105695.6385472, "tempo_total": 1021.3852705955505, "taxa_sucesso": 25.0}
[21:18:42] Iniciando processamento de lote (limite: 100)
[21:18:42] Processando registro 2c3ed4c1-2702-4cf3-97d2-d4ac5c9e783c: SP491684
[21:18:48] ERRO: Falha ao processar registro 2c3ed4c1-2702-4cf3-97d2-d4ac5c9e783c
[21:18:50] Processando registro c05d40ea-fdbe-4c2a-b3e7-9e962301b8bb: SP491684
[21:18:55] ERRO: Falha ao processar registro c05d40ea-fdbe-4c2a-b3e7-9e962301b8bb
[21:18:57] Processando registro 5f78f971-5a77-4912-961a-dea26105e12d: SP491684
[21:19:04] ERRO: Falha ao processar registro 5f78f971-5a77-4912-961a-dea26105e12d
[21:19:06] Processando registro e9e96c8a-bc73-4519-8541-9d461efb5fc5: SP491684
[21:19:11] ERRO: Falha ao processar registro e9e96c8a-bc73-4519-8541-9d461efb5fc5
[21:19:13] Processando registro a909759b-7a5a-4054-8d60-c48cab77de0d: SP491684
[21:19:19] ERRO: Falha ao processar registro a909759b-7a5a-4054-8d60-c48cab77de0d
[21:19:21] Processando registro 2136f88f-c7ec-4306-9352-b442bb6584a7: SP491684
[21:19:27] ERRO: Falha ao processar registro 2136f88f-c7ec-4306-9352-b442bb6584a7
[21:19:29] Processando registro 8f5f6c74-c921-4288-a4c6-5cf3421e2319: SP160112
[21:19:35] ERRO: Falha ao processar registro 8f5f6c74-c921-4288-a4c6-5cf3421e2319
[21:19:37] Processando registro fac3b3af-173e-4d54-ab29-0f33d59c7cf2: SP518049
[21:19:43] ERRO: Falha ao processar registro fac3b3af-173e-4d54-ab29-0f33d59c7cf2
[21:19:45] Processando registro 681d1d8c-2bec-4ccc-acc0-477692261b0b: SP387118
[21:19:51] ERRO: Falha ao processar registro 681d1d8c-2bec-4ccc-acc0-477692261b0b
[21:19:53] Processando registro 97623295-4407-4ce2-9022-d1b332a14a86: SP491684
[21:19:58] ERRO: Falha ao processar registro 97623295-4407-4ce2-9022-d1b332a14a86
[21:20:00] Processando registro d3bd4be7-82a5-4e13-aea2-a2d5c70dda74: SP491684
[21:20:06] ERRO: Falha ao processar registro d3bd4be7-82a5-4e13-aea2-a2d5c70dda74
[21:20:08] Processando registro ef7b83bd-4e86-49b7-b80a-0db4438cf65c: SP160112
[21:20:14] ERRO: Falha ao processar registro ef7b83bd-4e86-49b7-b80a-0db4438cf65c
[21:20:16] Processando registro 87302459-458a-4074-aa11-f60f52865fea: SP491684
[21:20:22] ERRO: Falha ao processar registro 87302459-458a-4074-aa11-f60f52865fea
[21:20:24] Processando registro a1c32b8e-6c3d-4f61-993d-ee3ed68a0964: SP491684
[21:20:29] ERRO: Falha ao processar registro a1c32b8e-6c3d-4f61-993d-ee3ed68a0964
[21:20:31] Processando registro 0ac5710b-6c1d-4ed4-a1d4-8ae5a3b683ef: SP491684
[21:20:38] ERRO: Falha ao processar registro 0ac5710b-6c1d-4ed4-a1d4-8ae5a3b683ef
[21:20:40] Processando registro a3e13750-379e-4bdd-b70c-9d950278042e: SP180953
[21:20:45] ERRO: Falha ao processar registro a3e13750-379e-4bdd-b70c-9d950278042e
[21:20:47] Processando registro d9c31f73-624c-4c4a-847f-dd3eac6bf8cc: SP491684
[21:20:53] ERRO: Falha ao processar registro d9c31f73-624c-4c4a-847f-dd3eac6bf8cc
[21:20:55] Processando registro 6fa45eae-e3fd-484d-88fe-fd89cdeeab46: SP387118
[21:21:01] ERRO: Falha ao processar registro 6fa45eae-e3fd-484d-88fe-fd89cdeeab46
[21:21:03] Processando registro c35e6f11-4b89-4c36-bbca-80f4ffcf5706: SP180953
[21:21:09] ERRO: Falha ao processar registro c35e6f11-4b89-4c36-bbca-80f4ffcf5706
[21:21:11] Processando registro 4b62f1bd-ae3c-47cc-8aa9-aa527fa8e8ba: SP387118
[21:21:16] ERRO: Falha ao processar registro 4b62f1bd-ae3c-47cc-8aa9-aa527fa8e8ba
[21:21:18] Processando registro 46222efb-9962-458d-a9a6-54dc2abe7167: SP387118
[21:21:25] ERRO: Falha ao processar registro 46222efb-9962-458d-a9a6-54dc2abe7167
[21:21:27] Processando registro f0a505a1-f56e-4776-9b44-0b363062576a: SP387118
[21:21:32] ERRO: Falha ao processar registro f0a505a1-f56e-4776-9b44-0b363062576a
[21:21:34] Processando registro f58975fa-0890-4422-bc0f-5d351d03e247: SP387118
[21:21:41] ERRO: Falha ao processar registro f58975fa-0890-4422-bc0f-5d351d03e247
[21:21:43] Processando registro fd1fb855-c1bb-493d-bc6e-114c25b9271f: SP387118
[21:21:48] ERRO: Falha ao processar registro fd1fb855-c1bb-493d-bc6e-114c25b9271f
[21:21:50] Processando registro 65dbba5b-0d89-43cb-8f71-a6ead7318c25: SP180953
[21:21:56] ERRO: Falha ao processar registro 65dbba5b-0d89-43cb-8f71-a6ead7318c25
[21:21:56] Resultado intermediário salvo em: Pesquisa/intermediario_20250709_212156.json
[21:21:58] Processando registro 6645e401-dbd4-4291-a45d-f9f629d865d5: SP180953
[21:22:04] ERRO: Falha ao processar registro 6645e401-dbd4-4291-a45d-f9f629d865d5
[21:22:06] Processando registro 971b77a2-5ab1-472b-8625-b6eea15f1adc: SP518049
[21:22:12] ERRO: Falha ao processar registro 971b77a2-5ab1-472b-8625-b6eea15f1adc
[21:22:14] Processando registro c3e51791-7085-43d4-8030-986cc531c4b6: SP387118
[21:22:19] ERRO: Falha ao processar registro c3e51791-7085-43d4-8030-986cc531c4b6
[21:22:21] Processando registro dc103656-1638-4415-a276-f96aa405fe3b: SP518049
[21:22:28] ERRO: Falha ao processar registro dc103656-1638-4415-a276-f96aa405fe3b
[21:22:30] Processando registro db41c898-240d-47c1-b0db-0430e583b347: PR058844
[21:22:35] ERRO: Falha ao processar registro db41c898-240d-47c1-b0db-0430e583b347
[21:22:37] Processando registro 3e48301e-75a0-4fff-ae62-182af5ac436a: SP387118
[21:22:43] ERRO: Falha ao processar registro 3e48301e-75a0-4fff-ae62-182af5ac436a
[21:22:45] Processando registro a0cc50b6-f77d-48e6-8568-f5bf01b9566d: SP387118
[21:22:51] ERRO: Falha ao processar registro a0cc50b6-f77d-48e6-8568-f5bf01b9566d
[21:22:53] Processando registro 535a4e86-6d78-4611-9f3e-1b8d1e0c17bf: SP387118
[21:22:59] ERRO: Falha ao processar registro 535a4e86-6d78-4611-9f3e-1b8d1e0c17bf
[21:23:01] Processando registro 1e32fbbc-1fc9-4edb-8eed-72ae66aa2066: PR058844
[21:23:06] ERRO: Falha ao processar registro 1e32fbbc-1fc9-4edb-8eed-72ae66aa2066
[21:23:08] Processando registro c322aacc-47ac-4f2a-8489-9259190f48f8: PR058844
[21:23:15] ERRO: Falha ao processar registro c322aacc-47ac-4f2a-8489-9259190f48f8
[21:23:17] Processando registro c42091d7-300c-43fe-8e2f-cab0480a0502: SP387118
[21:23:22] ERRO: Falha ao processar registro c42091d7-300c-43fe-8e2f-cab0480a0502
[21:23:24] Processando registro 69bdbb7c-52b4-4302-90b5-35be6db176d9: SP491684
[21:23:31] ERRO: Falha ao processar registro 69bdbb7c-52b4-4302-90b5-35be6db176d9
[21:23:33] Processando registro 51eebb94-57d9-4099-9a42-4663f33fdb3b: SP387118
[21:23:38] ERRO: Falha ao processar registro 51eebb94-57d9-4099-9a42-4663f33fdb3b
[21:23:40] Processando registro a967e5f9-e380-42dd-ab26-4d4e2f0d9565: SP409440
[21:23:46] ERRO: Falha ao processar registro a967e5f9-e380-42dd-ab26-4d4e2f0d9565
[21:23:48] Processando registro fb997f44-4759-4c9d-8452-50ea8165a6ce: SP387118
[21:23:54] ERRO: Falha ao processar registro fb997f44-4759-4c9d-8452-50ea8165a6ce
[21:23:56] Processando registro 9ff12549-ce84-4803-9a7d-3eb768a1589a: SP387118
[21:24:02] ERRO: Falha ao processar registro 9ff12549-ce84-4803-9a7d-3eb768a1589a
[21:24:04] Processando registro cab4a9f1-58b9-4cc4-a5d4-e0a19d9ff1a3: SP491684
[21:24:09] ERRO: Falha ao processar registro cab4a9f1-58b9-4cc4-a5d4-e0a19d9ff1a3
[21:24:11] Processando registro f7e73f12-689c-402f-aa12-e72087d45787: SP479151
[21:24:18] ERRO: Falha ao processar registro f7e73f12-689c-402f-aa12-e72087d45787
[21:24:20] Processando registro fd2c2044-d77a-4b7e-a0bf-0ecef59ac7cd: SP387118
[21:24:25] ERRO: Falha ao processar registro fd2c2044-d77a-4b7e-a0bf-0ecef59ac7cd
[21:24:27] Processando registro 0836d558-74d1-4c55-9997-3fc2c30ed886: SP387118
[21:24:33] ERRO: Falha ao processar registro 0836d558-74d1-4c55-9997-3fc2c30ed886
[21:24:35] Processando registro 23609092-8b00-46ed-98b9-84148bdac14f: SP479151
[21:24:41] ERRO: Falha ao processar registro 23609092-8b00-46ed-98b9-84148bdac14f
[21:24:43] Processando registro 590134ab-4199-472b-800b-de40eff56909: SP491684
[21:24:49] ERRO: Falha ao processar registro 590134ab-4199-472b-800b-de40eff56909
[21:24:51] Processando registro 115fe441-4d56-4fe2-ad6f-23a5f19ffffb: SP479151
[21:24:56] ERRO: Falha ao processar registro 115fe441-4d56-4fe2-ad6f-23a5f19ffffb
[21:24:58] Processando registro e265d187-a257-42be-8713-1da2c17842eb: SP479151
[21:25:05] ERRO: Falha ao processar registro e265d187-a257-42be-8713-1da2c17842eb
[21:25:07] Processando registro c652eefb-2d74-4bbc-9bba-a8e9ccdef365: SP491684
[21:25:12] ERRO: Falha ao processar registro c652eefb-2d74-4bbc-9bba-a8e9ccdef365
[21:25:12] Resultado intermediário salvo em: Pesquisa/intermediario_20250709_212512.json
[21:25:14] Processando registro 3e8f80d4-4b9c-425d-b951-c641180d5bf4: SP479151
[21:25:21] ERRO: Falha ao processar registro 3e8f80d4-4b9c-425d-b951-c641180d5bf4
[21:25:23] Processando registro 471c8604-d244-46d9-b6c4-68a166132fef: SP479151
[21:25:28] ERRO: Falha ao processar registro 471c8604-d244-46d9-b6c4-68a166132fef
[21:25:30] Processando registro 7e230ee4-7aa2-4262-ba74-9213e9cae07b: SP387118
[21:25:36] ERRO: Falha ao processar registro 7e230ee4-7aa2-4262-ba74-9213e9cae07b
[21:25:38] Processando registro 6014b4a4-6016-4392-b6d6-04cb981d3be1: SP387118
[21:25:44] ERRO: Falha ao processar registro 6014b4a4-6016-4392-b6d6-04cb981d3be1
[21:25:46] Processando registro aa773db0-06bc-4ba0-a79d-ce4ab0ee3916: SP479151
[21:25:52] ERRO: Falha ao processar registro aa773db0-06bc-4ba0-a79d-ce4ab0ee3916
[21:25:54] Processando registro c2722107-20fc-46b2-9385-3525be6ffd31: SP479151
[21:25:59] ERRO: Falha ao processar registro c2722107-20fc-46b2-9385-3525be6ffd31
[21:26:01] Processando registro 687f1419-db6e-4554-808f-0c767eadf9ee: GO032080
[21:26:08] ERRO: Falha ao processar registro 687f1419-db6e-4554-808f-0c767eadf9ee
[21:26:10] Processando registro c54a5ac2-3967-4d52-bff7-70a2b0201cc7: SP387118
[21:26:15] ERRO: Falha ao processar registro c54a5ac2-3967-4d52-bff7-70a2b0201cc7
[21:26:17] Processando registro 541c9f2b-ab0e-4e75-b4a3-d634347b76c0: SP387118
[21:26:23] ERRO: Falha ao processar registro 541c9f2b-ab0e-4e75-b4a3-d634347b76c0
[21:26:25] Processando registro 550d54b2-c1a4-4be6-85cd-ccb3b30f8ee5: SP387118
[21:26:31] ERRO: Falha ao processar registro 550d54b2-c1a4-4be6-85cd-ccb3b30f8ee5
[21:26:33] Processando registro e981fe60-58e6-4824-8eaa-df9c2ce6c31e: SP387118
[21:26:39] ERRO: Falha ao processar registro e981fe60-58e6-4824-8eaa-df9c2ce6c31e
[21:26:41] Processando registro c5800093-9700-4175-9618-b518dce52da5: GO032080
[21:26:46] ERRO: Falha ao processar registro c5800093-9700-4175-9618-b518dce52da5
[21:26:48] Processando registro 9bd64664-e21c-4238-8330-991d8c08d04b: SP518049
[21:26:55] ERRO: Falha ao processar registro 9bd64664-e21c-4238-8330-991d8c08d04b
[21:26:57] Processando registro e6abe29c-430b-4894-85c2-9df1f228f591: SP387118
[21:27:02] ERRO: Falha ao processar registro e6abe29c-430b-4894-85c2-9df1f228f591
[21:27:04] Processando registro 1fc391ea-0976-4f88-bded-7977af0742a5: SP455262
[21:27:10] ERRO: Falha ao processar registro 1fc391ea-0976-4f88-bded-7977af0742a5
[21:27:12] Processando registro 976a2d2e-cb4e-43c9-9e89-9b56840d6d53: SP491684
[21:27:18] ERRO: Falha ao processar registro 976a2d2e-cb4e-43c9-9e89-9b56840d6d53
[21:27:20] Processando registro f7fc7002-332f-46ab-96c2-d6bc94a5e681: SP459498
[21:27:25] ERRO: Falha ao processar registro f7fc7002-332f-46ab-96c2-d6bc94a5e681
[21:27:27] Processando registro 3ec8a4f9-c80c-4a75-bceb-9f44f12bfadb: SP387118
[21:27:32] ERRO: Falha ao processar registro 3ec8a4f9-c80c-4a75-bceb-9f44f12bfadb
[21:27:34] Processando registro 67c41171-78c7-4e2e-8fdb-e24de2776e28: SP387118
[21:27:41] ERRO: Falha ao processar registro 67c41171-78c7-4e2e-8fdb-e24de2776e28
[21:27:43] Processando registro c88fac1f-0772-4e4a-ae03-4465034bcf70: SP491684
[21:27:48] ERRO: Falha ao processar registro c88fac1f-0772-4e4a-ae03-4465034bcf70
[21:27:50] Processando registro 07891179-36bc-4dcb-82a2-bc0d589421f9: SP387118
[21:27:56] ERRO: Falha ao processar registro 07891179-36bc-4dcb-82a2-bc0d589421f9
[21:27:58] Processando registro 15ab12ea-5a67-4c0e-b1a4-93ad4d7d377e: SP387118
[21:28:04] ERRO: Falha ao processar registro 15ab12ea-5a67-4c0e-b1a4-93ad4d7d377e
[21:28:06] Processando registro 91e1855d-f5fe-4a45-8ba2-e171ad5235be: SP491684
[21:28:12] ERRO: Falha ao processar registro 91e1855d-f5fe-4a45-8ba2-e171ad5235be
[21:28:14] Processando registro 877f2c18-d61c-44f7-80f8-7adc6886ecae: SP491684
[21:28:19] ERRO: Falha ao processar registro 877f2c18-d61c-44f7-80f8-7adc6886ecae
[21:28:21] Processando registro 6321c883-e5e6-463e-9af2-470711c49d44: SP491684
[21:28:28] ERRO: Falha ao processar registro 6321c883-e5e6-463e-9af2-470711c49d44
[21:28:28] Resultado intermediário salvo em: Pesquisa/intermediario_20250709_212828.json
[21:28:30] Processando registro eb34319a-d920-47e6-91aa-b1fcc97d5c38: SP387118
[21:28:35] ERRO: Falha ao processar registro eb34319a-d920-47e6-91aa-b1fcc97d5c38
[21:28:37] Processando registro cb480778-6479-4b1a-9706-807057d0a01d: SP387118
[21:28:44] ERRO: Falha ao processar registro cb480778-6479-4b1a-9706-807057d0a01d
[21:28:46] Processando registro 5ad6290e-a402-42e3-a256-b31f9efa4f94: SP387118
[21:28:51] ERRO: Falha ao processar registro 5ad6290e-a402-42e3-a256-b31f9efa4f94
[21:28:53] Processando registro 1c487f77-a783-4a69-9f60-ec3823052ae0: SP387118
[21:28:58] ERRO: Falha ao processar registro 1c487f77-a783-4a69-9f60-ec3823052ae0
[21:29:00] Processando registro c579c5c6-9c24-4fe8-b709-20b708f9ef91: SP387118
[21:29:06] ERRO: Falha ao processar registro c579c5c6-9c24-4fe8-b709-20b708f9ef91
[21:29:08] Processando registro dc83ce18-41d2-4596-b240-a1ba7c5a8126: SP387118
[21:29:14] ERRO: Falha ao processar registro dc83ce18-41d2-4596-b240-a1ba7c5a8126
[21:29:16] Processando registro bf29b3be-178c-4288-a586-53338da4a56e: SP459498
[21:29:21] ERRO: Falha ao processar registro bf29b3be-178c-4288-a586-53338da4a56e
[21:29:23] Processando registro 9ac25a62-1f8b-47b6-9be5-48b1a779ff61: SP341759
[21:29:30] ERRO: Falha ao processar registro 9ac25a62-1f8b-47b6-9be5-48b1a779ff61
[21:29:32] Processando registro 7c38b100-5ea8-4fee-b725-feb3413a3eb3: SP342519
[21:29:37] ERRO: Falha ao processar registro 7c38b100-5ea8-4fee-b725-feb3413a3eb3
[21:29:39] Processando registro cc86c543-1b11-4dd6-967c-c8f63b723ace: SP177046
[21:29:46] ERRO: Falha ao processar registro cc86c543-1b11-4dd6-967c-c8f63b723ace
[21:29:48] Processando registro 9f7c47c4-6e60-4fb4-8fa4-3b68408a4e67: SP491684
[21:29:53] ERRO: Falha ao processar registro 9f7c47c4-6e60-4fb4-8fa4-3b68408a4e67
[21:29:55] Processando registro 2b7cf5cb-5b5f-48aa-ab9f-add38f2b452b: SP342519
[21:30:01] ERRO: Falha ao processar registro 2b7cf5cb-5b5f-48aa-ab9f-add38f2b452b
[21:30:03] Processando registro fb354421-e258-42e2-9ff3-2c0501d52b47: SP342519
[21:30:09] ERRO: Falha ao processar registro fb354421-e258-42e2-9ff3-2c0501d52b47
[21:30:11] Processando registro 53ebcbe3-e445-499f-8402-561759d5be8d: SP177046
[21:30:17] ERRO: Falha ao processar registro 53ebcbe3-e445-499f-8402-561759d5be8d
[21:30:19] Processando registro 3d086c74-95d2-4659-85e9-0cc3dc3cc442: SP342519
[21:30:24] ERRO: Falha ao processar registro 3d086c74-95d2-4659-85e9-0cc3dc3cc442
[21:30:26] Processando registro 91a2bd71-42de-44fe-8c3b-d9c4ae53cfaf: SP177046
[21:30:33] ERRO: Falha ao processar registro 91a2bd71-42de-44fe-8c3b-d9c4ae53cfaf
[21:30:35] Processando registro 57e5a7cb-a463-4cb1-be33-e9b47d6c845d: SP177046
[21:30:40] ERRO: Falha ao processar registro 57e5a7cb-a463-4cb1-be33-e9b47d6c845d
[21:30:42] Processando registro 8c56b9fd-27e8-4ed8-ab29-a583c2ef2931: SP220564
[21:30:49] ERRO: Falha ao processar registro 8c56b9fd-27e8-4ed8-ab29-a583c2ef2931
[21:30:51] Processando registro 95e41e55-9a5b-491a-8a1e-82058d43a364: SP220564
[21:30:56] ERRO: Falha ao processar registro 95e41e55-9a5b-491a-8a1e-82058d43a364
[21:30:58] Processando registro 987e32d6-9fb4-4dc5-9e2b-b584dc7c6c72: SP220564
[21:31:04] ERRO: Falha ao processar registro 987e32d6-9fb4-4dc5-9e2b-b584dc7c6c72
[21:31:06] Processando registro 6afd3b64-38c1-43dc-86d1-fb63930c06c3: SP387118
[21:31:12] ERRO: Falha ao processar registro 6afd3b64-38c1-43dc-86d1-fb63930c06c3
[21:31:14] Processando registro c52d6d26-0159-4469-9e51-0b4ab04fc0e0: SP387118
[21:31:20] ERRO: Falha ao processar registro c52d6d26-0159-4469-9e51-0b4ab04fc0e0
[21:31:22] Processando registro b7ea17a9-6a37-4c6d-8073-795be245b967: SP387118
[21:31:27] ERRO: Falha ao processar registro b7ea17a9-6a37-4c6d-8073-795be245b967
[21:31:29] Processando registro 21e402de-efd0-47ac-96c4-4a856fd719fd: SP387118
[21:31:36] ERRO: Falha ao processar registro 21e402de-efd0-47ac-96c4-4a856fd719fd
[21:31:38] Processando registro ed5cd984-3809-4928-90f9-c5f38836228c: SP387118
[21:31:43] ERRO: Falha ao processar registro ed5cd984-3809-4928-90f9-c5f38836228c
[21:31:43] Resultado intermediário salvo em: Pesquisa/intermediario_20250709_213143.json
[21:31:43] Lote concluído: {"total": 100, "processados": 100, "sucessos": 0, "erros": 100, "tempo_inicio": 1752106722.3030243, "tempo_total": 781.3345165252686, "taxa_sucesso": 0.0}
[21:31:48] Iniciando processamento de lote (limite: 100)
[21:31:48] Processando registro a0744226-792e-4443-aef3-d2f0f8d9d9b1: SP387118
[21:31:55] ERRO: Falha ao processar registro a0744226-792e-4443-aef3-d2f0f8d9d9b1
[21:31:57] Processando registro 19a2083c-82b0-4f76-af70-698d28f73eec: SP387118
[21:32:02] ERRO: Falha ao processar registro 19a2083c-82b0-4f76-af70-698d28f73eec
[21:32:04] Processando registro 02494866-5c1f-4167-876c-2dd972d14943: SP387118
[21:32:10] ERRO: Falha ao processar registro 02494866-5c1f-4167-876c-2dd972d14943
[21:32:12] Processando registro 2fa25236-808c-4e8f-a0fa-05824c221a67: SP387118
[21:32:17] ERRO: Falha ao processar registro 2fa25236-808c-4e8f-a0fa-05824c221a67
[21:32:19] Processando registro 7437b41b-b448-4539-b352-9987f652a3f1: SP387118
[21:32:25] ERRO: Falha ao processar registro 7437b41b-b448-4539-b352-9987f652a3f1
[21:32:27] Processando registro 5a02a7c2-feec-4c0f-b626-30a355dc4046: SP387118
[21:32:33] ERRO: Falha ao processar registro 5a02a7c2-feec-4c0f-b626-30a355dc4046
[21:32:35] Processando registro d294c726-b5c7-4aaa-9dfb-0183cdb09b78: SP441379
[21:32:41] ERRO: Falha ao processar registro d294c726-b5c7-4aaa-9dfb-0183cdb09b78
[21:32:43] Processando registro 1fa96ef7-8465-452b-928e-a60deb3d3d8e: SP441379
[21:32:49] ERRO: Falha ao processar registro 1fa96ef7-8465-452b-928e-a60deb3d3d8e
[21:32:51] Processando registro 7a097a8e-3ab7-4c04-8904-f41735ab2af2: SP441379
[21:32:57] ERRO: Falha ao processar registro 7a097a8e-3ab7-4c04-8904-f41735ab2af2
[21:32:59] Processando registro b249531c-9c32-4d66-ad00-a4e03ace077f: SP341759
[21:33:04] ERRO: Falha ao processar registro b249531c-9c32-4d66-ad00-a4e03ace077f
[21:33:06] Processando registro 0dd307d4-e342-40a9-929a-f007a0fbd11c: SP341759
[21:33:13] ERRO: Falha ao processar registro 0dd307d4-e342-40a9-929a-f007a0fbd11c
[21:33:15] Processando registro c0d8f30c-5d7c-4fcf-b584-6542d22b6962: SP479151
[21:33:20] ERRO: Falha ao processar registro c0d8f30c-5d7c-4fcf-b584-6542d22b6962
[21:33:22] Processando registro 09179adc-cc06-465a-95b4-c9ac926a7f15: SP160112
[21:33:29] ERRO: Falha ao processar registro 09179adc-cc06-465a-95b4-c9ac926a7f15
[21:33:31] Processando registro 763eccbd-a7d5-45ec-a6ab-fbc1bdc5992e: SP341759
[21:33:36] ERRO: Falha ao processar registro 763eccbd-a7d5-45ec-a6ab-fbc1bdc5992e
[21:33:38] Processando registro 216acc90-523c-49f4-a3d2-8b46ed1f01ce: SP160112
[21:33:44] ERRO: Falha ao processar registro 216acc90-523c-49f4-a3d2-8b46ed1f01ce
[21:33:46] Processando registro 65fe26c9-3e4d-4c60-a264-269ec8d50ce4: SP387118
[21:33:53] ERRO: Falha ao processar registro 65fe26c9-3e4d-4c60-a264-269ec8d50ce4
[21:33:55] Processando registro 69bea8d7-cb7b-4008-81a3-75c1f2bfe7b1: SP479151
[21:34:00] ERRO: Falha ao processar registro 69bea8d7-cb7b-4008-81a3-75c1f2bfe7b1
[21:34:02] Processando registro 94031852-66e6-4b10-bcce-5a26494d9d0f: SP310799
[21:34:08] ERRO: Falha ao processar registro 94031852-66e6-4b10-bcce-5a26494d9d0f
[21:34:10] Processando registro 914076b4-255b-4c88-8838-64b94699b174: SP160112
[21:34:16] ERRO: Falha ao processar registro 914076b4-255b-4c88-8838-64b94699b174
[21:34:18] Processando registro 2d6efcf3-b0d2-42e8-85d8-8ee383b51d7a: SP160112
[21:34:24] ERRO: Falha ao processar registro 2d6efcf3-b0d2-42e8-85d8-8ee383b51d7a
[21:34:26] Processando registro 30956628-3fc3-49d0-b37c-dd3318eaf640: SP387118
[21:34:32] ERRO: Falha ao processar registro 30956628-3fc3-49d0-b37c-dd3318eaf640
[21:34:34] Processando registro 10aa77c4-8db7-4169-b478-b469a93712ae: SP479151
[21:34:40] ERRO: Falha ao processar registro 10aa77c4-8db7-4169-b478-b469a93712ae
[21:34:42] Processando registro 3a92aad7-5c3d-4c3b-a214-88109407c3ce: SP467355
[21:34:47] ERRO: Falha ao processar registro 3a92aad7-5c3d-4c3b-a214-88109407c3ce
[21:34:49] Processando registro 02810d11-5d02-4629-9439-37d44e806d78: BA077320
[21:34:56] ERRO: Falha ao processar registro 02810d11-5d02-4629-9439-37d44e806d78
[21:34:58] Processando registro baea806a-c905-4e40-a3c7-4a7388fffe5b: SP479151
[21:35:03] ERRO: Falha ao processar registro baea806a-c905-4e40-a3c7-4a7388fffe5b
[21:35:03] Resultado intermediário salvo em: Pesquisa/intermediario_20250709_213503.json
[21:35:05] Processando registro 079018c1-5318-4280-8272-1a941dc303d4: SP479151
[21:35:11] ERRO: Falha ao processar registro 079018c1-5318-4280-8272-1a941dc303d4
[21:35:13] Processando registro c652476f-d915-40da-8df2-2157e6040821: SP310799
[21:35:19] ERRO: Falha ao processar registro c652476f-d915-40da-8df2-2157e6040821
[21:35:21] Processando registro e594b170-78b3-4985-9d92-3ca1cf9b5d59: BA077320
[21:35:27] ERRO: Falha ao processar registro e594b170-78b3-4985-9d92-3ca1cf9b5d59
[21:35:29] Processando registro f379cd07-bc6c-4b33-bb94-f0bc4ef8fbcc: BA077320
[21:35:34] ERRO: Falha ao processar registro f379cd07-bc6c-4b33-bb94-f0bc4ef8fbcc
[21:35:36] Processando registro 4c4d6189-54ef-4d8c-ba32-b72224166585: SP131351
[21:35:43] ERRO: Falha ao processar registro 4c4d6189-54ef-4d8c-ba32-b72224166585
[21:35:45] Processando registro 587b7011-7e87-4775-9259-0070ae779d8c: SP476837
[21:35:50] ERRO: Falha ao processar registro 587b7011-7e87-4775-9259-0070ae779d8c
[21:35:52] Processando registro 0d3579be-5b70-4992-bcb0-1539b5281ffa: BA077320
[21:35:59] ERRO: Falha ao processar registro 0d3579be-5b70-4992-bcb0-1539b5281ffa
[21:36:01] Processando registro 5340ff3d-07dc-46f8-a82a-5e338321cdee: SP241287
[21:36:06] ERRO: Falha ao processar registro 5340ff3d-07dc-46f8-a82a-5e338321cdee
[21:36:08] Processando registro 3c0a792a-ecc6-4fae-a896-0da1a3bdaf43: SP345596
[21:36:14] ERRO: Falha ao processar registro 3c0a792a-ecc6-4fae-a896-0da1a3bdaf43
[21:36:16] Processando registro b2236157-048a-4f2b-b2a5-f77a11d377fe: SP393850
[21:36:22] ERRO: Falha ao processar registro b2236157-048a-4f2b-b2a5-f77a11d377fe
[21:36:24] Processando registro 572fa21a-e5e8-4ea8-a289-e1c210d93af1: SP337101
[21:36:30] ERRO: Falha ao processar registro 572fa21a-e5e8-4ea8-a289-e1c210d93af1
[21:36:32] Processando registro b65e2042-5ae5-4742-8606-73ae4805f5f5: SP131351
[21:36:37] ERRO: Falha ao processar registro b65e2042-5ae5-4742-8606-73ae4805f5f5
[21:36:39] Processando registro 0861d136-4919-403a-8ed9-d73c5adfbf40: SP241287
[21:36:46] ERRO: Falha ao processar registro 0861d136-4919-403a-8ed9-d73c5adfbf40
[21:36:48] Processando registro aa161631-9ab8-4b0b-b201-273675c95dd0: SP393850
[21:36:53] ERRO: Falha ao processar registro aa161631-9ab8-4b0b-b201-273675c95dd0
[21:36:55] Processando registro 9462bfd2-3dfe-493b-a3f1-2e0d8ae5a2a9: SP337101
[21:37:01] ERRO: Falha ao processar registro 9462bfd2-3dfe-493b-a3f1-2e0d8ae5a2a9
[21:37:03] Processando registro 9aed6af5-707c-48bd-bd21-b3875252727f: SP337101
[21:37:09] ERRO: Falha ao processar registro 9aed6af5-707c-48bd-bd21-b3875252727f
[21:37:11] Processando registro c68d9702-b691-4338-bc67-f36fb94942c9: SP387118
[21:37:17] ERRO: Falha ao processar registro c68d9702-b691-4338-bc67-f36fb94942c9
[21:37:19] Processando registro 1a1728e6-764f-4e35-b9d0-c111501907ce: BA077320
[21:37:24] ERRO: Falha ao processar registro 1a1728e6-764f-4e35-b9d0-c111501907ce
[21:37:26] Processando registro fac478ce-8977-4267-b515-f0f76a3bdd03: SP220564
[21:37:33] ERRO: Falha ao processar registro fac478ce-8977-4267-b515-f0f76a3bdd03
[21:37:35] Processando registro fabdcf95-a0d3-4d05-a584-2f245e846c28: SP337101
[21:37:41] ERRO: Falha ao processar registro fabdcf95-a0d3-4d05-a584-2f245e846c28
[21:37:43] Processando registro 32f69859-143f-4cc4-8cce-ecc2df93f91c: SP476837
[21:37:49] ERRO: Falha ao processar registro 32f69859-143f-4cc4-8cce-ecc2df93f91c
[21:37:51] Processando registro 23c01465-90c7-44c0-8749-992a10207ece: SP476837
[21:37:56] ERRO: Falha ao processar registro 23c01465-90c7-44c0-8749-992a10207ece
[21:37:56] Lote concluído: {"total": 47, "processados": 47, "sucessos": 0, "erros": 47, "tempo_inicio": 1752107508.9277828, "tempo_total": 367.77170848846436, "taxa_sucesso": 0.0}
[21:37:56] Status tabela: {"total": 876, "pendentes": 167, "preenchidos": 466, "erros": 243, "taxa_preenchimento": 53.19634703196348}
[21:37:56] Resultado final salvo em: Pesquisa/final_20250709_213756.json
[21:37:57] Status tabela: {"total": 876, "pendentes": 167, "preenchidos": 466, "erros": 243, "taxa_preenchimento": 53.19634703196348}
[21:37:59] Sistema encerrado
